From github.com:SAEON/somisana.ac.za
 * branch            main       -> FETCH_HEAD
Already up to date.
[main a792bc4] Automated update commit on Wed Feb 19 00:00:04 UTC 2025
 Committer: Nkululeko Memela <nkululeko@ocimsvaps.ocean.gov.za>
Your name and email address were configured automatically based
on your username and hostname. Please check that they are accurate.
You can suppress this message by setting them explicitly. Run the
following command and follow the instructions in your editor to edit
your configuration file:

    git config --global --edit

After doing this, you may fix the identity used for this commit with:

    git commit --amend --reset-author

 1 file changed, 3 insertions(+)
 create mode 100644 public/logfile.log
To github.com:SAEON/somisana.ac.za.git
   e4dbdf2..a792bc4  main -> main
From github.com:SAEON/somisana.ac.za
 * branch            main       -> FETCH_HEAD
Already up to date.
[main bcfb35c] Automated update commit on Thu Feb 20 00:00:06 UTC 2025
 Committer: Nkululeko Memela <nkululeko@ocimsvaps.ocean.gov.za>
Your name and email address were configured automatically based
on your username and hostname. Please check that they are accurate.
You can suppress this message by setting them explicitly. Run the
following command and follow the instructions in your editor to edit
your configuration file:

    git config --global --edit

After doing this, you may fix the identity used for this commit with:

    git commit --amend --reset-author

 1 file changed, 21 insertions(+)
To github.com:SAEON/somisana.ac.za.git
   a792bc4..bcfb35c  main -> main
From github.com:SAEON/somisana.ac.za
 * branch            main       -> FETCH_HEAD
Already up to date.
[main 69863ed] Automated update commit on Thu Feb 20 14:39:05 UTC 2025
 Committer: Nkululeko Memela <nkululeko@ocimsvaps.ocean.gov.za>
Your name and email address were configured automatically based
on your username and hostname. Please check that they are accurate.
You can suppress this message by setting them explicitly. Run the
following command and follow the instructions in your editor to edit
your configuration file:

    git config --global --edit

After doing this, you may fix the identity used for this commit with:

    git commit --amend --reset-author

 5 files changed, 40 insertions(+), 7 deletions(-)
 create mode 100644 public/run_downloads_logfile.log
To github.com:SAEON/somisana.ac.za.git
   bcfb35c..69863ed  main -> main
From github.com:SAEON/somisana.ac.za
 * branch            main       -> FETCH_HEAD
Already up to date.
[main 38c9fac] Automated update commit on Fri Feb 21 14:39:07 UTC 2025
 Committer: Nkululeko Memela <nkululeko@ocimsvaps.ocean.gov.za>
Your name and email address were configured automatically based
on your username and hostname. Please check that they are accurate.
You can suppress this message by setting them explicitly. Run the
following command and follow the instructions in your editor to edit
your configuration file:

    git config --global --edit

After doing this, you may fix the identity used for this commit with:

    git commit --amend --reset-author

 3 files changed, 33 insertions(+)
To github.com:SAEON/somisana.ac.za.git
   69863ed..38c9fac  main -> main
From github.com:SAEON/somisana.ac.za
 * branch            main       -> FETCH_HEAD
Already up to date.
